Assembler report for DE1_SoC_Audio_Example
Mon Nov 12 10:56:00 2018
Quartus Prime Version 18.0.0 Build 614 04/24/2018 SJ Standard Edition


---------------------
; Table of Contents ;
---------------------
  1. Legal Notice
  2. Assembler Summary
  3. Assembler Settings
  4. Assembler Generated Files
  5. Assembler Device Options: D:/ECE241/Final/Combination/Audio_combined/output_files/DE1_SoC_Audio_Example.sof
  6. Assembler Messages



----------------
; Legal Notice ;
----------------
Copyright (C) 2018  Intel Corporation. All rights reserved.
Your use of Intel Corporation's design tools, logic functions 
and other software and tools, and its AMPP partner logic 
functions, and any output files from any of the foregoing 
(including device programming or simulation files), and any 
associated documentation or information are expressly subject 
to the terms and conditions of the Intel Program License 
Subscription Agreement, the Intel Quartus Prime License Agreement,
the Intel FPGA IP License Agreement, or other applicable license
agreement, including, without limitation, that your use is for
the sole purpose of programming logic devices manufactured by
Intel and sold by Intel or its authorized distributors.  Please
refer to the applicable agreement for further details.



+---------------------------------------------------------------+
; Assembler Summary                                             ;
+-----------------------+---------------------------------------+
; Assembler Status      ; Successful - Mon Nov 12 10:56:00 2018 ;
; Revision Name         ; DE1_SoC_Audio_Example                 ;
; Top-level Entity Name ; DE1_SoC_Audio_Example                 ;
; Family                ; Cyclone V                             ;
; Device                ; 5CSEMA5F31C6                          ;
+-----------------------+---------------------------------------+


+----------------------------------+
; Assembler Settings               ;
+--------+---------+---------------+
; Option ; Setting ; Default Value ;
+--------+---------+---------------+


+-----------------------------------------------------------------------------------+
; Assembler Generated Files                                                         ;
+-----------------------------------------------------------------------------------+
; File Name                                                                         ;
+-----------------------------------------------------------------------------------+
; D:/ECE241/Final/Combination/Audio_combined/output_files/DE1_SoC_Audio_Example.sof ;
+-----------------------------------------------------------------------------------+


+-------------------------------------------------------------------------------------------------------------+
; Assembler Device Options: D:/ECE241/Final/Combination/Audio_combined/output_files/DE1_SoC_Audio_Example.sof ;
+----------------+--------------------------------------------------------------------------------------------+
; Option         ; Setting                                                                                    ;
+----------------+--------------------------------------------------------------------------------------------+
; JTAG usercode  ; 0x00BFA834                                                                                 ;
; Checksum       ; 0x00BFA834                                                                                 ;
+----------------+--------------------------------------------------------------------------------------------+


+--------------------+
; Assembler Messages ;
+--------------------+
Info: *******************************************************************
Info: Running Quartus Prime Assembler
    Info: Version 18.0.0 Build 614 04/24/2018 SJ Standard Edition
    Info: Processing started: Mon Nov 12 10:55:45 2018
Info: Command: quartus_asm --read_settings_files=off --write_settings_files=off DE1_SoC_Audio_Example -c DE1_SoC_Audio_Example
Warning (18236): Number of processors has not been specified which may cause overloading on shared machines.  Set the global assignment NUM_PARALLEL_PROCESSORS in your QSF to an appropriate value for best performance.
Info (115030): Assembler is generating device programming files
Info: Quartus Prime Assembler was successful. 0 errors, 1 warning
    Info: Peak virtual memory: 721 megabytes
    Info: Processing ended: Mon Nov 12 10:56:02 2018
    Info: Elapsed time: 00:00:17
    Info: Total CPU time (on all processors): 00:00:07


